16:36:44 Протокол переноса типов
16:36:44 Источник: C:\Users\kuvardin\Desktop\ADE_PART\ibsobj.mdb
16:36:44 Схема: IBS@CORE_DEV
16:36:44 Версия ТЯ: 7.3.4.0
16:36:44 Версия Администратора проектов: 6.93.0.41
16:36:44 Начало переноса: 16/10/2013 16:36:44
16:36:44  
16:36:46  
16:36:46 Предварительная подготовка...
16:36:46 Начало переноса описания типа ADE_PART4TST [ОАЭ. Разделение. Тест] PARENT_ID = "" TARGET_CLASS_ID=""
16:36:46 Перенесено описание типа ADE_PART4TST [ОАЭ. Разделение. Тест] PARENT_ID = "" TARGET_CLASS_ID=""
16:36:46  
16:36:46 НАЧАЛО ПЕРЕНОСА типа [ADE_PART4TST] "ОАЭ. Разделение. Тест"
16:36:46     Начало переноса реквизита [DATE_CR] "Дата"
16:36:46     Перенесен реквизит [DATE_CR] "Дата"
16:36:46     Начало переноса колонки [DATE_CR] "DATE_CR"
16:36:46     Перенесена колонка [DATE_CR] "DATE_CR"
16:36:46     Начало переноса реквизита [VAL] "Значение"
16:36:46     Перенесен реквизит [VAL] "Значение"
16:36:46     Начало переноса колонки [VAL] "VAL"
16:36:46     Перенесена колонка [VAL] "VAL"
16:36:46     Начало переноса реквизита [X] "x"
16:36:46     Перенесен реквизит [X] "x"
16:36:46     Начало переноса колонки [X] "X"
16:36:46     Перенесена колонка [X] "X"
16:36:46     Начало переноса реквизита [Y] "y"
16:36:46     Перенесен реквизит [Y] "y"
16:36:46     Начало переноса колонки [Y] "Y"
16:36:46     Перенесена колонка [Y] "Y"
16:36:46     Начало переноса представления [3934746391] "VW_CRIT_ADE_PART4TST"
16:36:46     Перенесено представление [3934746391] "VW_CRIT_ADE_PART4TST"
16:36:46     Начало переноса операции [3934891885] "ADD_DATA"
16:36:46     Перенесена операция [3934891885] "ADD_DATA"
16:36:46     Начало переноса операции [3934767063] "DELETE_AUTO"
16:36:46     Перенесена операция [3934767063] "DELETE_AUTO"
16:36:46     Начало переноса операции [3934767042] "EDIT_AUTO"
16:36:46     Перенесена операция [3934767042] "EDIT_AUTO"
16:36:46     Начало переноса операции [3934767003] "NEW_AUTO"
16:36:47     Перенесена операция [3934767003] "NEW_AUTO"
16:36:47 ТИП ПЕРЕНЕСЕН
16:36:47  
16:36:47 НАЧАЛО ПЕРЕНОСА УСТАНОВОК
16:36:47     Перенос привязки к экранной форме для операции EDIT_AUTO "Изменить" типа ADE_PART4TST...
16:36:47     Перенос фильтров параметров и переменных операций...
16:36:47 КОНЕЦ ПЕРЕНОСА УСТАНОВОК
16:36:47  
16:36:47 Модификация хранения типов...
16:36:47 Модификация хранения типа [ADE_PART4TST] "ОАЭ. Разделение. Тест"...
16:36:47 16:36:47 
         16:36:47 НАЧАЛО МОДИФИКАЦИИ ADE_PART4TST
         16:36:47 Создание первичного ключа ADE_PART4TST
         16:36:47 PK_Z#ADE_PART4TST_ID: ORA-01403: данные не найдены
         16:36:47 Восстановление ограничений целостности - ADE_PART4TST ...
         16:36:47 Создание локальных индексов ADE_PART4TST
         16:36:47 Создание ограничений целостности ADE_PART4TST
         16:36:47 Создание триггеров поддержки целостности - ADE_PART4TST
         16:36:47 Создание триггеров для ссылок ADE_PART4TST
         16:36:47    Удаление триггера проверки ссылаемых значений для колонок ADE_PART4TST, которые содержат ссылки на другие типы
         16:36:47    Удаление триггера проверки ссылаемых значений для колонок ADE_PART4TST, которые содержат ссылки на собственный тип
         16:36:47 Создание триггеров поддержки целостности - ADE_PART4TST
         16:36:47 Создание триггеров для обратных ссылок ADE_PART4TST
         16:36:47    Удаление триггера проверки удаления экземпляров ADE_PART4TST, на которые есть ссылки из других типов
         16:36:47    Удаление триггера проверки удаления экземпляров ADE_PART4TST, на которые есть ссылки из собственного типа
         16:36:47 Восстановление ограничений целостности - ADE_PART4TST - OK.
         16:36:47 Обновление описания колонок типа ADE_PART4TST
         16:36:47 Создание интерфейсных пакетов ADE_PART4TST
         16:36:47 Z#ADE_PART4TST#INTERFACE
         16:36:47 МОДИФИКАЦИЯ ЗАВЕРШЕНА - ADE_PART4TST
         16:36:47 
16:36:47 Модификация родительских типов...
16:36:47 Родительские типы не модифицированы вследствие отсутствия необходимости.
16:36:47  
16:36:47 Модификация хранения индексов типа [ADE_PART4TST] "ОАЭ. Разделение. Тест"...
16:36:47 Создание индекcа [IDX_Z#ADE_PART4TST_DATE_CR]...
16:36:47 16:36:47 
         16:36:47 IDX_Z#ADE_PART4TST_DATE_CR: ORA-01403: данные не найдены
16:36:47 !!! Ошибки при создании индекса [IDX_Z#ADE_PART4TST_DATE_CR] типа [ADE_PART4TST] "ОАЭ. Разделение. Тест""
16:36:47  
16:36:47 Компиляция операций...
16:36:47 Компиляция операции [NEW_AUTO] "Добавить" типа [ADE_PART4TST] "ОАЭ. Разделение. Тест" ...
16:36:48 Компиляция операции [EDIT_AUTO] "Изменить" типа [ADE_PART4TST] "ОАЭ. Разделение. Тест" ...
16:36:48 Компиляция операции [DELETE_AUTO] "Удалить" типа [ADE_PART4TST] "ОАЭ. Разделение. Тест" ...
16:36:48 Компиляция операции [ADD_DATA] "Генерация тестовых данных" типа [ADE_PART4TST] "ОАЭ. Разделение. Тест" ...
16:36:48  
16:36:48 Компиляция представлений...
16:36:48 Компиляция представления [VW_CRIT_ADE_PART4TST] "Полный список" типа [ADE_PART4TST] "ОАЭ. Разделение. Тест" ...
16:36:49  
16:36:49 ПЕРЕНОС ЗАВЕРШЕН
